Change Component Designator: Old Designator=+5V New Designator=+1
Change Component Designator: Old Designator= New Designator=1
Change Component Designator: Old Designator=0 New Designator=5
Change Component Designator: Old Designator=1 New Designator=4
Change Component Designator: Old Designator=2 New Designator=3
Change Component Designator: Old Designator=3 New Designator=2
Change Component Designator: Old Designator=4 New Designator=9
Change Component Designator: Old Designator=5 New Designator=8
Change Component Designator: Old Designator=6 New Designator=7
Change Component Designator: Old Designator=7 New Designator=6
Change Component Designator: Old Designator=8 New Designator=11
Change Component Designator: Old Designator=9 New Designator=10
Change Component Designator: Old Designator=A New Designator=A1
Change Component Designator: Old Designator=B New Designator=B1
Change Component Designator: Old Designator=C1 New Designator=C8
Change Component Designator: Old Designator=C2 New Designator=C7
Change Component Designator: Old Designator=C5 New Designator=C4
Change Component Designator: Old Designator=C6 New Designator=C3
Change Component Designator: Old Designator=C7 New Designator=C5
Change Component Designator: Old Designator=C8 New Designator=C6
Change Component Designator: Old Designator=C9 New Designator=C2
Change Component Designator: Old Designator=C New Designator=C9
Change Component Designator: Old Designator=CX1 New Designator=CX2
Change Component Designator: Old Designator=CX2 New Designator=CX1
Change Component Designator: Old Designator=D New Designator=D1
Change Component Designator: Old Designator=DS3 New Designator=DS5
Change Component Designator: Old Designator=DS4 New Designator=DS6
Change Component Designator: Old Designator=E New Designator=E1
Change Component Designator: Old Designator=F New Designator=F1
Change Component Designator: Old Designator=GND New Designator=GND1
Change Component Designator: Old Designator=J61 New Designator=J1
Change Component Designator: Old Designator=KEY New Designator=KEY1
Change Component Designator: Old Designator=LED1 New Designator=LED2
Change Component Designator: Old Designator=LED1 New Designator=LED3
Change Component Designator: Old Designator=LED1 New Designator=LED4
Change Component Designator: Old Designator=LED1 New Designator=LED5
Change Component Designator: Old Designator=LED1 New Designator=LED6
Change Component Designator: Old Designator=P1口 New Designator=P1
Change Component Designator: Old Designator=POWER New Designator=POWER1
Change Component Designator: Old Designator=Q3 New Designator=Q5
Change Component Designator: Old Designator=Q4 New Designator=Q6
Change Component Designator: Old Designator=Q9 New Designator=Q7
Change Component Designator: Old Designator=Q9 New Designator=Q8
Change Component Designator: Old Designator=R2 New Designator=R18
Change Component Designator: Old Designator=R3 New Designator=R17
Change Component Designator: Old Designator=R3 New Designator=R20
Change Component Designator: Old Designator=R3 New Designator=R21
Change Component Designator: Old Designator=R3 New Designator=R22
Change Component Designator: Old Designator=R4 New Designator=R16
Change Component Designator: Old Designator=R11 New Designator=R2
Change Component Designator: Old Designator=R12 New Designator=R3
Change Component Designator: Old Designator=R13 New Designator=R4
Change Component Designator: Old Designator=R14 New Designator=R5
Change Component Designator: Old Designator=R15 New Designator=R6
Change Component Designator: Old Designator=R16 New Designator=R7
Change Component Designator: Old Designator=R17 New Designator=R8
Change Component Designator: Old Designator=R18 New Designator=R9
Change Component Designator: Old Designator=R20 New Designator=R10
Change Component Designator: Old Designator=R21 New Designator=R11
Change Component Designator: Old Designator=R22 New Designator=R12
Change Component Designator: Old Designator=R22 New Designator=R14
Change Component Designator: Old Designator=R23 New Designator=R13
Change Component Designator: Old Designator=R23 New Designator=R15
Change Component Designator: Old Designator=R51 New Designator=R19
Change Component Designator: Old Designator=S52 New Designator=S1
Change Component Designator: Old Designator=U1 New Designator=U3
Change Component Designator: Old Designator=U1 New Designator=U2
Change Component Designator: Old Designator=U4 New Designator=U1
Change Component Designator: Old Designator=Y New Designator=Y1
Change Component Designator: Old Designator=光敏器件 New Designator=光敏器件1
